使用设备: cuda
训练集大小: 2480
验证集大小: 620
Epoch [1/20], Average Train Loss: 1.5052, Train Acc: 39.68%
Epoch [1/20], Validation Loss: 1.6145, Validation Acc: 34.52%

Epoch [2/20], Average Train Loss: 1.3506, Train Acc: 45.65%
Epoch [2/20], Validation Loss: 1.3657, Validation Acc: 44.35%

Epoch [3/20], Average Train Loss: 1.2757, Train Acc: 48.10%
Epoch [3/20], Validation Loss: 1.4100, Validation Acc: 44.84%

Epoch [4/20], Average Train Loss: 1.2268, Train Acc: 50.69%
Epoch [4/20], Validation Loss: 1.3635, Validation Acc: 44.52%

Epoch [5/20], Average Train Loss: 1.2116, Train Acc: 51.33%
Epoch [5/20], Validation Loss: 1.3309, Validation Acc: 48.71%

Epoch [6/20], Average Train Loss: 1.1870, Train Acc: 51.81%
Epoch [6/20], Validation Loss: 1.3738, Validation Acc: 43.87%

Epoch [7/20], Average Train Loss: 1.0903, Train Acc: 54.76%
Epoch [7/20], Validation Loss: 1.7743, Validation Acc: 40.65%

Epoch [8/20], Average Train Loss: 1.0592, Train Acc: 57.02%
Epoch [8/20], Validation Loss: 1.5002, Validation Acc: 47.90%

Epoch [9/20], Average Train Loss: 1.0237, Train Acc: 58.75%
Epoch [9/20], Validation Loss: 1.3887, Validation Acc: 46.94%

Epoch [10/20], Average Train Loss: 0.9459, Train Acc: 60.89%
Epoch [10/20], Validation Loss: 1.4885, Validation Acc: 47.90%

Epoch [11/20], Average Train Loss: 1.0156, Train Acc: 60.08%
Epoch [11/20], Validation Loss: 1.6234, Validation Acc: 47.10%

Epoch [12/20], Average Train Loss: 0.9800, Train Acc: 59.88%
Epoch [12/20], Validation Loss: 1.7250, Validation Acc: 44.03%

Epoch [13/20], Average Train Loss: 0.8737, Train Acc: 65.40%
Epoch [13/20], Validation Loss: 1.4340, Validation Acc: 52.74%

Epoch [14/20], Average Train Loss: 0.8403, Train Acc: 68.10%
Epoch [14/20], Validation Loss: 1.6095, Validation Acc: 50.48%

Epoch [15/20], Average Train Loss: 0.8443, Train Acc: 67.18%
Epoch [15/20], Validation Loss: 1.5486, Validation Acc: 52.42%

Epoch [16/20], Average Train Loss: 0.7777, Train Acc: 70.77%
Epoch [16/20], Validation Loss: 1.6439, Validation Acc: 50.16%

Epoch [17/20], Average Train Loss: 0.6560, Train Acc: 75.56%
Epoch [17/20], Validation Loss: 1.5369, Validation Acc: 52.74%

Epoch [18/20], Average Train Loss: 0.5992, Train Acc: 77.14%
Epoch [18/20], Validation Loss: 1.5873, Validation Acc: 54.19%

Epoch [19/20], Average Train Loss: 0.5296, Train Acc: 79.96%
Epoch [19/20], Validation Loss: 1.6268, Validation Acc: 52.74%

Epoch [20/20], Average Train Loss: 0.5006, Train Acc: 81.21%
Epoch [20/20], Validation Loss: 1.7071, Validation Acc: 53.71%

训练总耗时: 1059.81 秒 (17.66 分钟)
模型保存在: ./log/train_20250519_140533/fusion_model_train_20250519_140533.pth
训练曲线图保存在: ./log/train_20250519_140533/training_curves.png
